<?xml version="1.0" encoding="UTF-8"?>
<!-- Generated by org.testng.reporters.JUnitXMLReporter -->
<testsuite hostname="DESKTOP-D19U8M5" name="Default test" tests="5" failures="0" timestamp="12 Feb 2020 07:03:15 GMT" time="0.094" errors="0">
  <testcase name="method1" time="0.017" classname="iTestListenersWithLogging.TestMethods"/>
  <testcase name="method2" time="0.0" classname="iTestListenersWithLogging.TestMethods"/>
  <testcase name="method3" time="0.015" classname="iTestListenersWithLogging.TestMethods"/>
  <testcase name="method4" time="0.0" classname="iTestListenersWithLogging.TestMethods"/>
  <testcase name="method5" time="0.016" classname="iTestListenersWithLogging.TestMethods"/>
</testsuite> <!-- Default test -->
