<?xml version="1.0" encoding="UTF-8"?>
<testng-results skipped="0" failed="0" total="5" passed="5">
  <reporter-output>
  </reporter-output>
  <suite name="Default suite" duration-ms="94" started-at="2020-02-12T07:03:15Z" finished-at="2020-02-12T07:03:15Z">
    <groups>
    </groups>
    <test name="Default test" duration-ms="94" started-at="2020-02-12T07:03:15Z" finished-at="2020-02-12T07:03:15Z">
      <class name="iTestListenersWithLogging.TestMethods">
        <test-method status="PASS" signature="setUp(org.testng.ITestContext)[pri:0, instance:iTestListenersWithLogging.TestMethods@527740a2]" name="setUp" is-config="true" duration-ms="16" started-at="2020-02-12T12:33:15Z" finished-at="2020-02-12T12:33:15Z">
          <params>
            <param index="0">
              <value>
                <![CDATA[org.testng.TestRunner@2a556333]]>
              </value>
            </param>
          </params>
          <reporter-output>
          </reporter-output>
        </test-method> <!-- setUp -->
        <test-method status="PASS" signature="method1(org.testng.ITestContext)[pri:0, instance:iTestListenersWithLogging.TestMethods@527740a2]" name="method1" duration-ms="17" started-at="2020-02-12T12:33:15Z" finished-at="2020-02-12T12:33:15Z">
          <params>
            <param index="0">
              <value>
                <![CDATA[org.testng.TestRunner@2a556333]]>
              </value>
            </param>
          </params>
          <reporter-output>
          </reporter-output>
        </test-method> <!-- method1 -->
        <test-method status="PASS" signature="method2(org.testng.ITestContext)[pri:0, instance:iTestListenersWithLogging.TestMethods@527740a2]" name="method2" duration-ms="0" started-at="2020-02-12T12:33:15Z" finished-at="2020-02-12T12:33:15Z">
          <params>
            <param index="0">
              <value>
                <![CDATA[org.testng.TestRunner@2a556333]]>
              </value>
            </param>
          </params>
          <reporter-output>
          </reporter-output>
        </test-method> <!-- method2 -->
        <test-method status="PASS" signature="method3(org.testng.ITestContext)[pri:0, instance:iTestListenersWithLogging.TestMethods@527740a2]" name="method3" duration-ms="15" started-at="2020-02-12T12:33:15Z" finished-at="2020-02-12T12:33:15Z">
          <params>
            <param index="0">
              <value>
                <![CDATA[org.testng.TestRunner@2a556333]]>
              </value>
            </param>
          </params>
          <reporter-output>
          </reporter-output>
        </test-method> <!-- method3 -->
        <test-method status="PASS" signature="method4(org.testng.ITestContext)[pri:0, instance:iTestListenersWithLogging.TestMethods@527740a2]" name="method4" duration-ms="0" started-at="2020-02-12T12:33:15Z" finished-at="2020-02-12T12:33:15Z">
          <params>
            <param index="0">
              <value>
                <![CDATA[org.testng.TestRunner@2a556333]]>
              </value>
            </param>
          </params>
          <reporter-output>
          </reporter-output>
        </test-method> <!-- method4 -->
        <test-method status="PASS" signature="method5(org.testng.ITestContext)[pri:0, instance:iTestListenersWithLogging.TestMethods@527740a2]" name="method5" duration-ms="16" started-at="2020-02-12T12:33:15Z" finished-at="2020-02-12T12:33:15Z">
          <params>
            <param index="0">
              <value>
                <![CDATA[org.testng.TestRunner@2a556333]]>
              </value>
            </param>
          </params>
          <reporter-output>
          </reporter-output>
        </test-method> <!-- method5 -->
        <test-method status="PASS" signature="tearDown()[pri:0, instance:iTestListenersWithLogging.TestMethods@527740a2]" name="tearDown" is-config="true" duration-ms="0" started-at="2020-02-12T12:33:15Z" finished-at="2020-02-12T12:33:15Z">
          <reporter-output>
          </reporter-output>
        </test-method> <!-- tearDown -->
      </class> <!-- iTestListenersWithLogging.TestMethods -->
    </test> <!-- Default test -->
  </suite> <!-- Default suite -->
</testng-results>
